[2024-07-27T13:26:23.271+0000] {local_task_job_runner.py:120} INFO - ::group::Pre task execution logs
[2024-07-27T13:26:23.296+0000] {taskinstance.py:2076} INFO - Dependencies all met for dep_context=non-requeueable deps ti=<TaskInstance: ETL_SofaScore_Matchday_daily.start scheduled__2023-08-02T00:00:00+00:00 [queued]>
[2024-07-27T13:26:23.470+0000] {taskinstance.py:2076} INFO - Dependencies all met for dep_context=requeueable deps ti=<TaskInstance: ETL_SofaScore_Matchday_daily.start scheduled__2023-08-02T00:00:00+00:00 [queued]>
[2024-07-27T13:26:23.472+0000] {taskinstance.py:2306} INFO - Starting attempt 1 of 2
[2024-07-27T13:26:23.490+0000] {taskinstance.py:2330} INFO - Executing <Task(PythonOperator): start> on 2023-08-02 00:00:00+00:00
[2024-07-27T13:26:23.500+0000] {warnings.py:110} WARNING - /home/***/.local/lib/python3.12/site-packages/***/task/task_runner/standard_task_runner.py:61: DeprecationWarning: This process (pid=206) is multi-threaded, use of fork() may lead to deadlocks in the child.
  pid = os.fork()

[2024-07-27T13:26:23.501+0000] {standard_task_runner.py:63} INFO - Started process 210 to run task
[2024-07-27T13:26:23.502+0000] {standard_task_runner.py:90} INFO - Running: ['***', 'tasks', 'run', 'ETL_SofaScore_Matchday_daily', 'start', 'scheduled__2023-08-02T00:00:00+00:00', '--job-id', '294', '--raw', '--subdir', 'DAGS_FOLDER/crawl_dags.py', '--cfg-path', '/tmp/tmp9ujfql3w']
[2024-07-27T13:26:23.505+0000] {standard_task_runner.py:91} INFO - Job 294: Subtask start
[2024-07-27T13:26:23.560+0000] {task_command.py:426} INFO - Running <TaskInstance: ETL_SofaScore_Matchday_daily.start scheduled__2023-08-02T00:00:00+00:00 [running]> on host fde3e54b98e9
[2024-07-27T13:26:24.417+0000] {taskinstance.py:2648} INFO - Exporting env vars: AIRFLOW_CTX_DAG_EMAIL='nguyenmduc2407@gmail.com' AIRFLOW_CTX_DAG_OWNER='***' AIRFLOW_CTX_DAG_ID='ETL_SofaScore_Matchday_daily' AIRFLOW_CTX_TASK_ID='start' AIRFLOW_CTX_EXECUTION_DATE='2023-08-02T00:00:00+00:00' AIRFLOW_CTX_TRY_NUMBER='1' AIRFLOW_CTX_DAG_RUN_ID='scheduled__2023-08-02T00:00:00+00:00'
[2024-07-27T13:26:24.418+0000] {taskinstance.py:430} INFO - ::endgroup::
[2024-07-27T13:26:24.440+0000] {logging_mixin.py:188} INFO - Start task executed!
[2024-07-27T13:26:24.441+0000] {python.py:237} INFO - Done. Returned value was: None
[2024-07-27T13:26:24.442+0000] {taskinstance.py:441} INFO - ::group::Post task execution logs
[2024-07-27T13:26:24.452+0000] {taskinstance.py:1206} INFO - Marking task as SUCCESS. dag_id=ETL_SofaScore_Matchday_daily, task_id=start, run_id=scheduled__2023-08-02T00:00:00+00:00, execution_date=20230802T000000, start_date=20240727T132623, end_date=20240727T132624
[2024-07-27T13:26:24.479+0000] {local_task_job_runner.py:240} INFO - Task exited with return code 0
[2024-07-27T13:26:24.508+0000] {taskinstance.py:3498} INFO - 1 downstream tasks scheduled from follow-on schedule check
[2024-07-27T13:26:24.511+0000] {local_task_job_runner.py:222} INFO - ::endgroup::
[2024-07-27T14:03:19.454+0000] {local_task_job_runner.py:120} INFO - ::group::Pre task execution logs
[2024-07-27T14:03:19.487+0000] {taskinstance.py:2076} INFO - Dependencies all met for dep_context=non-requeueable deps ti=<TaskInstance: ETL_SofaScore_Matchday_daily.start scheduled__2023-08-02T00:00:00+00:00 [queued]>
[2024-07-27T14:03:19.502+0000] {taskinstance.py:2076} INFO - Dependencies all met for dep_context=requeueable deps ti=<TaskInstance: ETL_SofaScore_Matchday_daily.start scheduled__2023-08-02T00:00:00+00:00 [queued]>
[2024-07-27T14:03:19.502+0000] {taskinstance.py:2306} INFO - Starting attempt 1 of 2
[2024-07-27T14:03:19.694+0000] {taskinstance.py:2330} INFO - Executing <Task(PythonOperator): start> on 2023-08-02 00:00:00+00:00
[2024-07-27T14:03:19.702+0000] {warnings.py:110} WARNING - /home/***/.local/lib/python3.12/site-packages/***/task/task_runner/standard_task_runner.py:61: DeprecationWarning: This process (pid=701) is multi-threaded, use of fork() may lead to deadlocks in the child.
  pid = os.fork()

[2024-07-27T14:03:19.703+0000] {standard_task_runner.py:63} INFO - Started process 703 to run task
[2024-07-27T14:03:19.703+0000] {standard_task_runner.py:90} INFO - Running: ['***', 'tasks', 'run', 'ETL_SofaScore_Matchday_daily', 'start', 'scheduled__2023-08-02T00:00:00+00:00', '--job-id', '302', '--raw', '--subdir', 'DAGS_FOLDER/crawl_dags.py', '--cfg-path', '/tmp/tmps5ssxe0q']
[2024-07-27T14:03:19.706+0000] {standard_task_runner.py:91} INFO - Job 302: Subtask start
[2024-07-27T14:03:19.758+0000] {task_command.py:426} INFO - Running <TaskInstance: ETL_SofaScore_Matchday_daily.start scheduled__2023-08-02T00:00:00+00:00 [running]> on host fde3e54b98e9
[2024-07-27T14:03:19.844+0000] {taskinstance.py:2648} INFO - Exporting env vars: AIRFLOW_CTX_DAG_EMAIL='nguyenmduc2407@gmail.com' AIRFLOW_CTX_DAG_OWNER='***' AIRFLOW_CTX_DAG_ID='ETL_SofaScore_Matchday_daily' AIRFLOW_CTX_TASK_ID='start' AIRFLOW_CTX_EXECUTION_DATE='2023-08-02T00:00:00+00:00' AIRFLOW_CTX_TRY_NUMBER='1' AIRFLOW_CTX_DAG_RUN_ID='scheduled__2023-08-02T00:00:00+00:00'
[2024-07-27T14:03:19.845+0000] {taskinstance.py:430} INFO - ::endgroup::
[2024-07-27T14:03:19.864+0000] {logging_mixin.py:188} INFO - Start task executed!
[2024-07-27T14:03:19.865+0000] {python.py:237} INFO - Done. Returned value was: None
[2024-07-27T14:03:19.866+0000] {taskinstance.py:441} INFO - ::group::Post task execution logs
[2024-07-27T14:03:19.876+0000] {taskinstance.py:1206} INFO - Marking task as SUCCESS. dag_id=ETL_SofaScore_Matchday_daily, task_id=start, run_id=scheduled__2023-08-02T00:00:00+00:00, execution_date=20230802T000000, start_date=20240727T140319, end_date=20240727T140319
[2024-07-27T14:03:19.918+0000] {local_task_job_runner.py:240} INFO - Task exited with return code 0
[2024-07-27T14:03:19.947+0000] {taskinstance.py:3498} INFO - 1 downstream tasks scheduled from follow-on schedule check
[2024-07-27T14:03:19.950+0000] {local_task_job_runner.py:222} INFO - ::endgroup::
[2024-07-27T14:18:49.154+0000] {local_task_job_runner.py:120} INFO - ::group::Pre task execution logs
[2024-07-27T14:18:49.216+0000] {taskinstance.py:2076} INFO - Dependencies all met for dep_context=non-requeueable deps ti=<TaskInstance: ETL_SofaScore_Matchday_daily.start scheduled__2023-08-02T00:00:00+00:00 [queued]>
[2024-07-27T14:18:49.456+0000] {taskinstance.py:2076} INFO - Dependencies all met for dep_context=requeueable deps ti=<TaskInstance: ETL_SofaScore_Matchday_daily.start scheduled__2023-08-02T00:00:00+00:00 [queued]>
[2024-07-27T14:18:49.457+0000] {taskinstance.py:2306} INFO - Starting attempt 1 of 2
[2024-07-27T14:18:49.477+0000] {taskinstance.py:2330} INFO - Executing <Task(PythonOperator): start> on 2023-08-02 00:00:00+00:00
[2024-07-27T14:18:49.488+0000] {warnings.py:110} WARNING - /home/***/.local/lib/python3.12/site-packages/***/task/task_runner/standard_task_runner.py:61: DeprecationWarning: This process (pid=942) is multi-threaded, use of fork() may lead to deadlocks in the child.
  pid = os.fork()

[2024-07-27T14:18:49.490+0000] {standard_task_runner.py:63} INFO - Started process 944 to run task
[2024-07-27T14:18:49.489+0000] {standard_task_runner.py:90} INFO - Running: ['***', 'tasks', 'run', 'ETL_SofaScore_Matchday_daily', 'start', 'scheduled__2023-08-02T00:00:00+00:00', '--job-id', '317', '--raw', '--subdir', 'DAGS_FOLDER/crawl_dags.py', '--cfg-path', '/tmp/tmp8exi4x8p']
[2024-07-27T14:18:49.492+0000] {standard_task_runner.py:91} INFO - Job 317: Subtask start
[2024-07-27T14:18:49.561+0000] {task_command.py:426} INFO - Running <TaskInstance: ETL_SofaScore_Matchday_daily.start scheduled__2023-08-02T00:00:00+00:00 [running]> on host fde3e54b98e9
[2024-07-27T14:18:49.680+0000] {taskinstance.py:2648} INFO - Exporting env vars: AIRFLOW_CTX_DAG_EMAIL='nguyenmduc2407@gmail.com' AIRFLOW_CTX_DAG_OWNER='***' AIRFLOW_CTX_DAG_ID='ETL_SofaScore_Matchday_daily' AIRFLOW_CTX_TASK_ID='start' AIRFLOW_CTX_EXECUTION_DATE='2023-08-02T00:00:00+00:00' AIRFLOW_CTX_TRY_NUMBER='1' AIRFLOW_CTX_DAG_RUN_ID='scheduled__2023-08-02T00:00:00+00:00'
[2024-07-27T14:18:49.682+0000] {taskinstance.py:430} INFO - ::endgroup::
[2024-07-27T14:18:49.708+0000] {logging_mixin.py:188} INFO - Start task executed!
[2024-07-27T14:18:49.709+0000] {python.py:237} INFO - Done. Returned value was: None
[2024-07-27T14:18:49.710+0000] {taskinstance.py:441} INFO - ::group::Post task execution logs
[2024-07-27T14:18:49.726+0000] {taskinstance.py:1206} INFO - Marking task as SUCCESS. dag_id=ETL_SofaScore_Matchday_daily, task_id=start, run_id=scheduled__2023-08-02T00:00:00+00:00, execution_date=20230802T000000, start_date=20240727T141849, end_date=20240727T141849
[2024-07-27T14:18:49.786+0000] {local_task_job_runner.py:240} INFO - Task exited with return code 0
[2024-07-27T14:18:49.818+0000] {taskinstance.py:3498} INFO - 1 downstream tasks scheduled from follow-on schedule check
[2024-07-27T14:18:49.821+0000] {local_task_job_runner.py:222} INFO - ::endgroup::
[2024-07-27T15:20:32.361+0000] {local_task_job_runner.py:120} INFO - ::group::Pre task execution logs
[2024-07-27T15:20:32.383+0000] {taskinstance.py:2076} INFO - Dependencies all met for dep_context=non-requeueable deps ti=<TaskInstance: ETL_SofaScore_Matchday_daily.start scheduled__2023-08-02T00:00:00+00:00 [queued]>
[2024-07-27T15:20:32.530+0000] {taskinstance.py:2076} INFO - Dependencies all met for dep_context=requeueable deps ti=<TaskInstance: ETL_SofaScore_Matchday_daily.start scheduled__2023-08-02T00:00:00+00:00 [queued]>
[2024-07-27T15:20:32.531+0000] {taskinstance.py:2306} INFO - Starting attempt 1 of 2
[2024-07-27T15:20:32.547+0000] {taskinstance.py:2330} INFO - Executing <Task(PythonOperator): start> on 2023-08-02 00:00:00+00:00
[2024-07-27T15:20:32.555+0000] {warnings.py:110} WARNING - /home/***/.local/lib/python3.12/site-packages/***/task/task_runner/standard_task_runner.py:61: DeprecationWarning: This process (pid=1819) is multi-threaded, use of fork() may lead to deadlocks in the child.
  pid = os.fork()

[2024-07-27T15:20:32.556+0000] {standard_task_runner.py:63} INFO - Started process 1821 to run task
[2024-07-27T15:20:32.557+0000] {standard_task_runner.py:90} INFO - Running: ['***', 'tasks', 'run', 'ETL_SofaScore_Matchday_daily', 'start', 'scheduled__2023-08-02T00:00:00+00:00', '--job-id', '348', '--raw', '--subdir', 'DAGS_FOLDER/crawl_dags.py', '--cfg-path', '/tmp/tmpgdsmn9gf']
[2024-07-27T15:20:32.559+0000] {standard_task_runner.py:91} INFO - Job 348: Subtask start
[2024-07-27T15:20:32.609+0000] {task_command.py:426} INFO - Running <TaskInstance: ETL_SofaScore_Matchday_daily.start scheduled__2023-08-02T00:00:00+00:00 [running]> on host fde3e54b98e9
[2024-07-27T15:20:32.700+0000] {taskinstance.py:2648} INFO - Exporting env vars: AIRFLOW_CTX_DAG_EMAIL='nguyenmduc2407@gmail.com' AIRFLOW_CTX_DAG_OWNER='***' AIRFLOW_CTX_DAG_ID='ETL_SofaScore_Matchday_daily' AIRFLOW_CTX_TASK_ID='start' AIRFLOW_CTX_EXECUTION_DATE='2023-08-02T00:00:00+00:00' AIRFLOW_CTX_TRY_NUMBER='1' AIRFLOW_CTX_DAG_RUN_ID='scheduled__2023-08-02T00:00:00+00:00'
[2024-07-27T15:20:32.701+0000] {taskinstance.py:430} INFO - ::endgroup::
[2024-07-27T15:20:32.716+0000] {logging_mixin.py:188} INFO - Start task executed!
[2024-07-27T15:20:32.717+0000] {python.py:237} INFO - Done. Returned value was: None
[2024-07-27T15:20:32.718+0000] {taskinstance.py:441} INFO - ::group::Post task execution logs
[2024-07-27T15:20:32.727+0000] {taskinstance.py:1206} INFO - Marking task as SUCCESS. dag_id=ETL_SofaScore_Matchday_daily, task_id=start, run_id=scheduled__2023-08-02T00:00:00+00:00, execution_date=20230802T000000, start_date=20240727T152032, end_date=20240727T152032
[2024-07-27T15:20:32.771+0000] {local_task_job_runner.py:240} INFO - Task exited with return code 0
[2024-07-27T15:20:32.799+0000] {taskinstance.py:3498} INFO - 1 downstream tasks scheduled from follow-on schedule check
[2024-07-27T15:20:32.801+0000] {local_task_job_runner.py:222} INFO - ::endgroup::
[2024-07-27T18:12:32.309+0000] {local_task_job_runner.py:120} INFO - ::group::Pre task execution logs
[2024-07-27T18:12:32.348+0000] {taskinstance.py:2076} INFO - Dependencies all met for dep_context=non-requeueable deps ti=<TaskInstance: ETL_SofaScore_Matchday_daily.start scheduled__2023-08-02T00:00:00+00:00 [queued]>
[2024-07-27T18:12:32.503+0000] {taskinstance.py:2076} INFO - Dependencies all met for dep_context=requeueable deps ti=<TaskInstance: ETL_SofaScore_Matchday_daily.start scheduled__2023-08-02T00:00:00+00:00 [queued]>
[2024-07-27T18:12:32.503+0000] {taskinstance.py:2306} INFO - Starting attempt 1 of 2
[2024-07-27T18:12:32.520+0000] {taskinstance.py:2330} INFO - Executing <Task(PythonOperator): start> on 2023-08-02 00:00:00+00:00
[2024-07-27T18:12:32.528+0000] {warnings.py:110} WARNING - /home/***/.local/lib/python3.12/site-packages/***/task/task_runner/standard_task_runner.py:61: DeprecationWarning: This process (pid=4368) is multi-threaded, use of fork() may lead to deadlocks in the child.
  pid = os.fork()

[2024-07-27T18:12:32.529+0000] {standard_task_runner.py:63} INFO - Started process 4370 to run task
[2024-07-27T18:12:32.529+0000] {standard_task_runner.py:90} INFO - Running: ['***', 'tasks', 'run', 'ETL_SofaScore_Matchday_daily', 'start', 'scheduled__2023-08-02T00:00:00+00:00', '--job-id', '464', '--raw', '--subdir', 'DAGS_FOLDER/crawl_dags.py', '--cfg-path', '/tmp/tmpxtxj0stm']
[2024-07-27T18:12:32.531+0000] {standard_task_runner.py:91} INFO - Job 464: Subtask start
[2024-07-27T18:12:32.579+0000] {task_command.py:426} INFO - Running <TaskInstance: ETL_SofaScore_Matchday_daily.start scheduled__2023-08-02T00:00:00+00:00 [running]> on host fde3e54b98e9
[2024-07-27T18:12:32.669+0000] {taskinstance.py:2648} INFO - Exporting env vars: AIRFLOW_CTX_DAG_EMAIL='nguyenmduc2407@gmail.com' AIRFLOW_CTX_DAG_OWNER='***' AIRFLOW_CTX_DAG_ID='ETL_SofaScore_Matchday_daily' AIRFLOW_CTX_TASK_ID='start' AIRFLOW_CTX_EXECUTION_DATE='2023-08-02T00:00:00+00:00' AIRFLOW_CTX_TRY_NUMBER='1' AIRFLOW_CTX_DAG_RUN_ID='scheduled__2023-08-02T00:00:00+00:00'
[2024-07-27T18:12:32.670+0000] {taskinstance.py:430} INFO - ::endgroup::
[2024-07-27T18:12:32.685+0000] {logging_mixin.py:188} INFO - Start task executed!
[2024-07-27T18:12:32.686+0000] {python.py:237} INFO - Done. Returned value was: None
[2024-07-27T18:12:32.687+0000] {taskinstance.py:441} INFO - ::group::Post task execution logs
[2024-07-27T18:12:32.698+0000] {taskinstance.py:1206} INFO - Marking task as SUCCESS. dag_id=ETL_SofaScore_Matchday_daily, task_id=start, run_id=scheduled__2023-08-02T00:00:00+00:00, execution_date=20230802T000000, start_date=20240727T181232, end_date=20240727T181232
[2024-07-27T18:12:32.744+0000] {local_task_job_runner.py:240} INFO - Task exited with return code 0
[2024-07-27T18:12:32.773+0000] {taskinstance.py:3498} INFO - 0 downstream tasks scheduled from follow-on schedule check
[2024-07-27T18:12:32.777+0000] {local_task_job_runner.py:222} INFO - ::endgroup::
