[2024-07-27T13:26:23.426+0000] {local_task_job_runner.py:120} INFO - ::group::Pre task execution logs
[2024-07-27T13:26:23.452+0000] {taskinstance.py:2076} INFO - Dependencies all met for dep_context=non-requeueable deps ti=<TaskInstance: ETL_SofaScore_Matchday_daily.start scheduled__2023-08-03T00:00:00+00:00 [queued]>
[2024-07-27T13:26:23.638+0000] {taskinstance.py:2076} INFO - Dependencies all met for dep_context=requeueable deps ti=<TaskInstance: ETL_SofaScore_Matchday_daily.start scheduled__2023-08-03T00:00:00+00:00 [queued]>
[2024-07-27T13:26:23.639+0000] {taskinstance.py:2306} INFO - Starting attempt 1 of 2
[2024-07-27T13:26:24.334+0000] {taskinstance.py:2330} INFO - Executing <Task(PythonOperator): start> on 2023-08-03 00:00:00+00:00
[2024-07-27T13:26:24.346+0000] {warnings.py:110} WARNING - /home/***/.local/lib/python3.12/site-packages/***/task/task_runner/standard_task_runner.py:61: DeprecationWarning: This process (pid=207) is multi-threaded, use of fork() may lead to deadlocks in the child.
  pid = os.fork()

[2024-07-27T13:26:24.349+0000] {standard_task_runner.py:63} INFO - Started process 211 to run task
[2024-07-27T13:26:24.348+0000] {standard_task_runner.py:90} INFO - Running: ['***', 'tasks', 'run', 'ETL_SofaScore_Matchday_daily', 'start', 'scheduled__2023-08-03T00:00:00+00:00', '--job-id', '295', '--raw', '--subdir', 'DAGS_FOLDER/crawl_dags.py', '--cfg-path', '/tmp/tmp4izir_hk']
[2024-07-27T13:26:24.352+0000] {standard_task_runner.py:91} INFO - Job 295: Subtask start
[2024-07-27T13:26:24.427+0000] {task_command.py:426} INFO - Running <TaskInstance: ETL_SofaScore_Matchday_daily.start scheduled__2023-08-03T00:00:00+00:00 [running]> on host fde3e54b98e9
[2024-07-27T13:26:24.520+0000] {taskinstance.py:2648} INFO - Exporting env vars: AIRFLOW_CTX_DAG_EMAIL='nguyenmduc2407@gmail.com' AIRFLOW_CTX_DAG_OWNER='***' AIRFLOW_CTX_DAG_ID='ETL_SofaScore_Matchday_daily' AIRFLOW_CTX_TASK_ID='start' AIRFLOW_CTX_EXECUTION_DATE='2023-08-03T00:00:00+00:00' AIRFLOW_CTX_TRY_NUMBER='1' AIRFLOW_CTX_DAG_RUN_ID='scheduled__2023-08-03T00:00:00+00:00'
[2024-07-27T13:26:24.521+0000] {taskinstance.py:430} INFO - ::endgroup::
[2024-07-27T13:26:24.538+0000] {logging_mixin.py:188} INFO - Start task executed!
[2024-07-27T13:26:24.539+0000] {python.py:237} INFO - Done. Returned value was: None
[2024-07-27T13:26:24.539+0000] {taskinstance.py:441} INFO - ::group::Post task execution logs
[2024-07-27T13:26:24.550+0000] {taskinstance.py:1206} INFO - Marking task as SUCCESS. dag_id=ETL_SofaScore_Matchday_daily, task_id=start, run_id=scheduled__2023-08-03T00:00:00+00:00, execution_date=20230803T000000, start_date=20240727T132623, end_date=20240727T132624
[2024-07-27T13:26:24.610+0000] {local_task_job_runner.py:240} INFO - Task exited with return code 0
[2024-07-27T13:26:24.642+0000] {taskinstance.py:3498} INFO - 1 downstream tasks scheduled from follow-on schedule check
[2024-07-27T13:26:24.646+0000] {local_task_job_runner.py:222} INFO - ::endgroup::
