[2024-07-27T13:26:20.205+0000] {local_task_job_runner.py:120} INFO - ::group::Pre task execution logs
[2024-07-27T13:26:20.232+0000] {taskinstance.py:2076} INFO - Dependencies all met for dep_context=non-requeueable deps ti=<TaskInstance: ETL_SofaScore_Matchday_daily.end scheduled__2023-07-31T00:00:00+00:00 [queued]>
[2024-07-27T13:26:20.242+0000] {taskinstance.py:2076} INFO - Dependencies all met for dep_context=requeueable deps ti=<TaskInstance: ETL_SofaScore_Matchday_daily.end scheduled__2023-07-31T00:00:00+00:00 [queued]>
[2024-07-27T13:26:20.243+0000] {taskinstance.py:2306} INFO - Starting attempt 1 of 2
[2024-07-27T13:26:20.466+0000] {taskinstance.py:2330} INFO - Executing <Task(PythonOperator): end> on 2023-07-31 00:00:00+00:00
[2024-07-27T13:26:20.474+0000] {warnings.py:110} WARNING - /home/***/.local/lib/python3.12/site-packages/***/task/task_runner/standard_task_runner.py:61: DeprecationWarning: This process (pid=201) is multi-threaded, use of fork() may lead to deadlocks in the child.
  pid = os.fork()

[2024-07-27T13:26:20.476+0000] {standard_task_runner.py:63} INFO - Started process 204 to run task
[2024-07-27T13:26:20.476+0000] {standard_task_runner.py:90} INFO - Running: ['***', 'tasks', 'run', 'ETL_SofaScore_Matchday_daily', 'end', 'scheduled__2023-07-31T00:00:00+00:00', '--job-id', '292', '--raw', '--subdir', 'DAGS_FOLDER/crawl_dags.py', '--cfg-path', '/tmp/tmpxnxl9luu']
[2024-07-27T13:26:20.479+0000] {standard_task_runner.py:91} INFO - Job 292: Subtask end
[2024-07-27T13:26:20.533+0000] {task_command.py:426} INFO - Running <TaskInstance: ETL_SofaScore_Matchday_daily.end scheduled__2023-07-31T00:00:00+00:00 [running]> on host fde3e54b98e9
[2024-07-27T13:26:20.638+0000] {taskinstance.py:2648} INFO - Exporting env vars: AIRFLOW_CTX_DAG_EMAIL='nguyenmduc2407@gmail.com' AIRFLOW_CTX_DAG_OWNER='***' AIRFLOW_CTX_DAG_ID='ETL_SofaScore_Matchday_daily' AIRFLOW_CTX_TASK_ID='end' AIRFLOW_CTX_EXECUTION_DATE='2023-07-31T00:00:00+00:00' AIRFLOW_CTX_TRY_NUMBER='1' AIRFLOW_CTX_DAG_RUN_ID='scheduled__2023-07-31T00:00:00+00:00'
[2024-07-27T13:26:20.639+0000] {taskinstance.py:430} INFO - ::endgroup::
[2024-07-27T13:26:20.654+0000] {logging_mixin.py:188} INFO - End task executed!
[2024-07-27T13:26:20.654+0000] {python.py:237} INFO - Done. Returned value was: None
[2024-07-27T13:26:20.655+0000] {taskinstance.py:441} INFO - ::group::Post task execution logs
[2024-07-27T13:26:20.666+0000] {taskinstance.py:1206} INFO - Marking task as SUCCESS. dag_id=ETL_SofaScore_Matchday_daily, task_id=end, run_id=scheduled__2023-07-31T00:00:00+00:00, execution_date=20230731T000000, start_date=20240727T132620, end_date=20240727T132620
[2024-07-27T13:26:20.731+0000] {local_task_job_runner.py:240} INFO - Task exited with return code 0
[2024-07-27T13:26:20.752+0000] {taskinstance.py:3498} INFO - 0 downstream tasks scheduled from follow-on schedule check
[2024-07-27T13:26:20.755+0000] {local_task_job_runner.py:222} INFO - ::endgroup::
[2024-07-27T14:18:44.812+0000] {local_task_job_runner.py:120} INFO - ::group::Pre task execution logs
[2024-07-27T14:18:44.841+0000] {taskinstance.py:2076} INFO - Dependencies all met for dep_context=non-requeueable deps ti=<TaskInstance: ETL_SofaScore_Matchday_daily.end scheduled__2023-07-31T00:00:00+00:00 [queued]>
[2024-07-27T14:18:44.854+0000] {taskinstance.py:2076} INFO - Dependencies all met for dep_context=requeueable deps ti=<TaskInstance: ETL_SofaScore_Matchday_daily.end scheduled__2023-07-31T00:00:00+00:00 [queued]>
[2024-07-27T14:18:44.855+0000] {taskinstance.py:2306} INFO - Starting attempt 1 of 2
[2024-07-27T14:18:45.038+0000] {taskinstance.py:2330} INFO - Executing <Task(PythonOperator): end> on 2023-07-31 00:00:00+00:00
[2024-07-27T14:18:45.050+0000] {warnings.py:110} WARNING - /home/***/.local/lib/python3.12/site-packages/***/task/task_runner/standard_task_runner.py:61: DeprecationWarning: This process (pid=939) is multi-threaded, use of fork() may lead to deadlocks in the child.
  pid = os.fork()

[2024-07-27T14:18:45.054+0000] {standard_task_runner.py:63} INFO - Started process 941 to run task
[2024-07-27T14:18:45.052+0000] {standard_task_runner.py:90} INFO - Running: ['***', 'tasks', 'run', 'ETL_SofaScore_Matchday_daily', 'end', 'scheduled__2023-07-31T00:00:00+00:00', '--job-id', '316', '--raw', '--subdir', 'DAGS_FOLDER/crawl_dags.py', '--cfg-path', '/tmp/tmpi15cr9tn']
[2024-07-27T14:18:45.055+0000] {standard_task_runner.py:91} INFO - Job 316: Subtask end
[2024-07-27T14:18:45.139+0000] {task_command.py:426} INFO - Running <TaskInstance: ETL_SofaScore_Matchday_daily.end scheduled__2023-07-31T00:00:00+00:00 [running]> on host fde3e54b98e9
[2024-07-27T14:18:45.286+0000] {taskinstance.py:2648} INFO - Exporting env vars: AIRFLOW_CTX_DAG_EMAIL='nguyenmduc2407@gmail.com' AIRFLOW_CTX_DAG_OWNER='***' AIRFLOW_CTX_DAG_ID='ETL_SofaScore_Matchday_daily' AIRFLOW_CTX_TASK_ID='end' AIRFLOW_CTX_EXECUTION_DATE='2023-07-31T00:00:00+00:00' AIRFLOW_CTX_TRY_NUMBER='1' AIRFLOW_CTX_DAG_RUN_ID='scheduled__2023-07-31T00:00:00+00:00'
[2024-07-27T14:18:45.288+0000] {taskinstance.py:430} INFO - ::endgroup::
[2024-07-27T14:18:45.307+0000] {logging_mixin.py:188} INFO - End task executed!
[2024-07-27T14:18:45.308+0000] {python.py:237} INFO - Done. Returned value was: None
[2024-07-27T14:18:45.309+0000] {taskinstance.py:441} INFO - ::group::Post task execution logs
[2024-07-27T14:18:45.320+0000] {taskinstance.py:1206} INFO - Marking task as SUCCESS. dag_id=ETL_SofaScore_Matchday_daily, task_id=end, run_id=scheduled__2023-07-31T00:00:00+00:00, execution_date=20230731T000000, start_date=20240727T141844, end_date=20240727T141845
[2024-07-27T14:18:45.350+0000] {local_task_job_runner.py:240} INFO - Task exited with return code 0
[2024-07-27T14:18:45.370+0000] {taskinstance.py:3498} INFO - 0 downstream tasks scheduled from follow-on schedule check
[2024-07-27T14:18:45.374+0000] {local_task_job_runner.py:222} INFO - ::endgroup::
[2024-07-27T15:20:28.184+0000] {local_task_job_runner.py:120} INFO - ::group::Pre task execution logs
[2024-07-27T15:20:28.213+0000] {taskinstance.py:2076} INFO - Dependencies all met for dep_context=non-requeueable deps ti=<TaskInstance: ETL_SofaScore_Matchday_daily.end scheduled__2023-07-31T00:00:00+00:00 [queued]>
[2024-07-27T15:20:28.224+0000] {taskinstance.py:2076} INFO - Dependencies all met for dep_context=requeueable deps ti=<TaskInstance: ETL_SofaScore_Matchday_daily.end scheduled__2023-07-31T00:00:00+00:00 [queued]>
[2024-07-27T15:20:28.225+0000] {taskinstance.py:2306} INFO - Starting attempt 1 of 2
[2024-07-27T15:20:28.387+0000] {taskinstance.py:2330} INFO - Executing <Task(PythonOperator): end> on 2023-07-31 00:00:00+00:00
[2024-07-27T15:20:28.395+0000] {warnings.py:110} WARNING - /home/***/.local/lib/python3.12/site-packages/***/task/task_runner/standard_task_runner.py:61: DeprecationWarning: This process (pid=1816) is multi-threaded, use of fork() may lead to deadlocks in the child.
  pid = os.fork()

[2024-07-27T15:20:28.397+0000] {standard_task_runner.py:90} INFO - Running: ['***', 'tasks', 'run', 'ETL_SofaScore_Matchday_daily', 'end', 'scheduled__2023-07-31T00:00:00+00:00', '--job-id', '347', '--raw', '--subdir', 'DAGS_FOLDER/crawl_dags.py', '--cfg-path', '/tmp/tmp8t_1ajn_']
[2024-07-27T15:20:28.399+0000] {standard_task_runner.py:91} INFO - Job 347: Subtask end
[2024-07-27T15:20:28.397+0000] {standard_task_runner.py:63} INFO - Started process 1818 to run task
[2024-07-27T15:20:28.456+0000] {task_command.py:426} INFO - Running <TaskInstance: ETL_SofaScore_Matchday_daily.end scheduled__2023-07-31T00:00:00+00:00 [running]> on host fde3e54b98e9
[2024-07-27T15:20:28.538+0000] {taskinstance.py:2648} INFO - Exporting env vars: AIRFLOW_CTX_DAG_EMAIL='nguyenmduc2407@gmail.com' AIRFLOW_CTX_DAG_OWNER='***' AIRFLOW_CTX_DAG_ID='ETL_SofaScore_Matchday_daily' AIRFLOW_CTX_TASK_ID='end' AIRFLOW_CTX_EXECUTION_DATE='2023-07-31T00:00:00+00:00' AIRFLOW_CTX_TRY_NUMBER='1' AIRFLOW_CTX_DAG_RUN_ID='scheduled__2023-07-31T00:00:00+00:00'
[2024-07-27T15:20:28.540+0000] {taskinstance.py:430} INFO - ::endgroup::
[2024-07-27T15:20:28.552+0000] {logging_mixin.py:188} INFO - End task executed!
[2024-07-27T15:20:28.553+0000] {python.py:237} INFO - Done. Returned value was: None
[2024-07-27T15:20:28.554+0000] {taskinstance.py:441} INFO - ::group::Post task execution logs
[2024-07-27T15:20:28.564+0000] {taskinstance.py:1206} INFO - Marking task as SUCCESS. dag_id=ETL_SofaScore_Matchday_daily, task_id=end, run_id=scheduled__2023-07-31T00:00:00+00:00, execution_date=20230731T000000, start_date=20240727T152028, end_date=20240727T152028
[2024-07-27T15:20:28.615+0000] {local_task_job_runner.py:240} INFO - Task exited with return code 0
[2024-07-27T15:20:28.631+0000] {taskinstance.py:3498} INFO - 0 downstream tasks scheduled from follow-on schedule check
[2024-07-27T15:20:28.635+0000] {local_task_job_runner.py:222} INFO - ::endgroup::
[2024-07-27T18:12:28.115+0000] {local_task_job_runner.py:120} INFO - ::group::Pre task execution logs
[2024-07-27T18:12:28.157+0000] {taskinstance.py:2076} INFO - Dependencies all met for dep_context=non-requeueable deps ti=<TaskInstance: ETL_SofaScore_Matchday_daily.end scheduled__2023-07-31T00:00:00+00:00 [queued]>
[2024-07-27T18:12:28.168+0000] {taskinstance.py:2076} INFO - Dependencies all met for dep_context=requeueable deps ti=<TaskInstance: ETL_SofaScore_Matchday_daily.end scheduled__2023-07-31T00:00:00+00:00 [queued]>
[2024-07-27T18:12:28.169+0000] {taskinstance.py:2306} INFO - Starting attempt 1 of 2
[2024-07-27T18:12:28.390+0000] {taskinstance.py:2330} INFO - Executing <Task(PythonOperator): end> on 2023-07-31 00:00:00+00:00
[2024-07-27T18:12:28.399+0000] {warnings.py:110} WARNING - /home/***/.local/lib/python3.12/site-packages/***/task/task_runner/standard_task_runner.py:61: DeprecationWarning: This process (pid=4365) is multi-threaded, use of fork() may lead to deadlocks in the child.
  pid = os.fork()

[2024-07-27T18:12:28.401+0000] {standard_task_runner.py:63} INFO - Started process 4367 to run task
[2024-07-27T18:12:28.401+0000] {standard_task_runner.py:90} INFO - Running: ['***', 'tasks', 'run', 'ETL_SofaScore_Matchday_daily', 'end', 'scheduled__2023-07-31T00:00:00+00:00', '--job-id', '463', '--raw', '--subdir', 'DAGS_FOLDER/crawl_dags.py', '--cfg-path', '/tmp/tmp34y0716b']
[2024-07-27T18:12:28.403+0000] {standard_task_runner.py:91} INFO - Job 463: Subtask end
[2024-07-27T18:12:28.458+0000] {task_command.py:426} INFO - Running <TaskInstance: ETL_SofaScore_Matchday_daily.end scheduled__2023-07-31T00:00:00+00:00 [running]> on host fde3e54b98e9
[2024-07-27T18:12:28.575+0000] {taskinstance.py:2648} INFO - Exporting env vars: AIRFLOW_CTX_DAG_EMAIL='nguyenmduc2407@gmail.com' AIRFLOW_CTX_DAG_OWNER='***' AIRFLOW_CTX_DAG_ID='ETL_SofaScore_Matchday_daily' AIRFLOW_CTX_TASK_ID='end' AIRFLOW_CTX_EXECUTION_DATE='2023-07-31T00:00:00+00:00' AIRFLOW_CTX_TRY_NUMBER='1' AIRFLOW_CTX_DAG_RUN_ID='scheduled__2023-07-31T00:00:00+00:00'
[2024-07-27T18:12:28.577+0000] {taskinstance.py:430} INFO - ::endgroup::
[2024-07-27T18:12:28.615+0000] {logging_mixin.py:188} INFO - End task executed!
[2024-07-27T18:12:28.616+0000] {python.py:237} INFO - Done. Returned value was: None
[2024-07-27T18:12:28.618+0000] {taskinstance.py:441} INFO - ::group::Post task execution logs
[2024-07-27T18:12:28.636+0000] {taskinstance.py:1206} INFO - Marking task as SUCCESS. dag_id=ETL_SofaScore_Matchday_daily, task_id=end, run_id=scheduled__2023-07-31T00:00:00+00:00, execution_date=20230731T000000, start_date=20240727T181228, end_date=20240727T181228
[2024-07-27T18:12:28.696+0000] {local_task_job_runner.py:240} INFO - Task exited with return code 0
[2024-07-27T18:12:28.717+0000] {taskinstance.py:3498} INFO - 0 downstream tasks scheduled from follow-on schedule check
[2024-07-27T18:12:28.720+0000] {local_task_job_runner.py:222} INFO - ::endgroup::
