[2024-07-27T15:09:35.784+0000] {local_task_job_runner.py:120} INFO - ::group::Pre task execution logs
[2024-07-27T15:09:35.811+0000] {taskinstance.py:2076} INFO - Dependencies all met for dep_context=non-requeueable deps ti=<TaskInstance: ETL_SofaScore_Matchday_daily.end scheduled__2023-07-31T00:00:00+00:00 [queued]>
[2024-07-27T15:09:35.823+0000] {taskinstance.py:2076} INFO - Dependencies all met for dep_context=requeueable deps ti=<TaskInstance: ETL_SofaScore_Matchday_daily.end scheduled__2023-07-31T00:00:00+00:00 [queued]>
[2024-07-27T15:09:35.824+0000] {taskinstance.py:2306} INFO - Starting attempt 2 of 3
[2024-07-27T15:09:35.991+0000] {taskinstance.py:2330} INFO - Executing <Task(PythonOperator): end> on 2023-07-31 00:00:00+00:00
[2024-07-27T15:09:35.998+0000] {warnings.py:110} WARNING - /home/***/.local/lib/python3.12/site-packages/***/task/task_runner/standard_task_runner.py:61: DeprecationWarning: This process (pid=1616) is multi-threaded, use of fork() may lead to deadlocks in the child.
  pid = os.fork()

[2024-07-27T15:09:35.999+0000] {standard_task_runner.py:63} INFO - Started process 1618 to run task
[2024-07-27T15:09:35.999+0000] {standard_task_runner.py:90} INFO - Running: ['***', 'tasks', 'run', 'ETL_SofaScore_Matchday_daily', 'end', 'scheduled__2023-07-31T00:00:00+00:00', '--job-id', '327', '--raw', '--subdir', 'DAGS_FOLDER/crawl_dags.py', '--cfg-path', '/tmp/tmp54g1u4rc']
[2024-07-27T15:09:36.001+0000] {standard_task_runner.py:91} INFO - Job 327: Subtask end
[2024-07-27T15:09:36.048+0000] {task_command.py:426} INFO - Running <TaskInstance: ETL_SofaScore_Matchday_daily.end scheduled__2023-07-31T00:00:00+00:00 [running]> on host fde3e54b98e9
[2024-07-27T15:09:36.137+0000] {taskinstance.py:2648} INFO - Exporting env vars: AIRFLOW_CTX_DAG_EMAIL='nguyenmduc2407@gmail.com' AIRFLOW_CTX_DAG_OWNER='***' AIRFLOW_CTX_DAG_ID='ETL_SofaScore_Matchday_daily' AIRFLOW_CTX_TASK_ID='end' AIRFLOW_CTX_EXECUTION_DATE='2023-07-31T00:00:00+00:00' AIRFLOW_CTX_TRY_NUMBER='2' AIRFLOW_CTX_DAG_RUN_ID='scheduled__2023-07-31T00:00:00+00:00'
[2024-07-27T15:09:36.139+0000] {taskinstance.py:430} INFO - ::endgroup::
[2024-07-27T15:09:36.151+0000] {logging_mixin.py:188} INFO - End task executed!
[2024-07-27T15:09:36.152+0000] {python.py:237} INFO - Done. Returned value was: None
[2024-07-27T15:09:36.153+0000] {taskinstance.py:441} INFO - ::group::Post task execution logs
[2024-07-27T15:09:36.162+0000] {taskinstance.py:1206} INFO - Marking task as SUCCESS. dag_id=ETL_SofaScore_Matchday_daily, task_id=end, run_id=scheduled__2023-07-31T00:00:00+00:00, execution_date=20230731T000000, start_date=20240727T150935, end_date=20240727T150936
[2024-07-27T15:09:36.214+0000] {local_task_job_runner.py:240} INFO - Task exited with return code 0
[2024-07-27T15:09:36.229+0000] {taskinstance.py:3498} INFO - 0 downstream tasks scheduled from follow-on schedule check
[2024-07-27T15:09:36.233+0000] {local_task_job_runner.py:222} INFO - ::endgroup::
