[2024-05-21T15:47:18.174+0000] {local_task_job_runner.py:120} INFO - ::group::Pre task execution logs
[2024-05-21T15:47:18.196+0000] {taskinstance.py:2076} INFO - Dependencies all met for dep_context=non-requeueable deps ti=<TaskInstance: ETL_SofaScore_matchday_daily.end scheduled__2024-05-09T00:00:00+00:00 [queued]>
[2024-05-21T15:47:18.206+0000] {taskinstance.py:2076} INFO - Dependencies all met for dep_context=requeueable deps ti=<TaskInstance: ETL_SofaScore_matchday_daily.end scheduled__2024-05-09T00:00:00+00:00 [queued]>
[2024-05-21T15:47:18.238+0000] {taskinstance.py:2306} INFO - Starting attempt 1 of 2
[2024-05-21T15:47:18.390+0000] {taskinstance.py:2330} INFO - Executing <Task(PythonOperator): end> on 2024-05-09 00:00:00+00:00
[2024-05-21T15:47:18.397+0000] {warnings.py:110} WARNING - /home/***/.local/lib/python3.12/site-packages/***/task/task_runner/standard_task_runner.py:61: DeprecationWarning: This process (pid=1016) is multi-threaded, use of fork() may lead to deadlocks in the child.
  pid = os.fork()

[2024-05-21T15:47:18.398+0000] {standard_task_runner.py:63} INFO - Started process 1018 to run task
[2024-05-21T15:47:18.398+0000] {standard_task_runner.py:90} INFO - Running: ['***', 'tasks', 'run', 'ETL_SofaScore_matchday_daily', 'end', 'scheduled__2024-05-09T00:00:00+00:00', '--job-id', '61', '--raw', '--subdir', 'DAGS_FOLDER/crawl_dags.py', '--cfg-path', '/tmp/tmpxzv8gjc3']
[2024-05-21T15:47:18.401+0000] {standard_task_runner.py:91} INFO - Job 61: Subtask end
[2024-05-21T15:47:18.442+0000] {task_command.py:426} INFO - Running <TaskInstance: ETL_SofaScore_matchday_daily.end scheduled__2024-05-09T00:00:00+00:00 [running]> on host dbddc4e9ac3f
[2024-05-21T15:47:18.753+0000] {taskinstance.py:2648} INFO - Exporting env vars: AIRFLOW_CTX_DAG_EMAIL='nguyenmduc2407@gmail.com' AIRFLOW_CTX_DAG_OWNER='***' AIRFLOW_CTX_DAG_ID='ETL_SofaScore_matchday_daily' AIRFLOW_CTX_TASK_ID='end' AIRFLOW_CTX_EXECUTION_DATE='2024-05-09T00:00:00+00:00' AIRFLOW_CTX_TRY_NUMBER='1' AIRFLOW_CTX_DAG_RUN_ID='scheduled__2024-05-09T00:00:00+00:00'
[2024-05-21T15:47:18.755+0000] {taskinstance.py:430} INFO - ::endgroup::
[2024-05-21T15:47:18.769+0000] {logging_mixin.py:188} INFO - End task executed!
[2024-05-21T15:47:18.769+0000] {python.py:237} INFO - Done. Returned value was: None
[2024-05-21T15:47:18.770+0000] {taskinstance.py:441} INFO - ::group::Post task execution logs
[2024-05-21T15:47:18.778+0000] {taskinstance.py:1206} INFO - Marking task as SUCCESS. dag_id=ETL_SofaScore_matchday_daily, task_id=end, run_id=scheduled__2024-05-09T00:00:00+00:00, execution_date=20240509T000000, start_date=20240521T154718, end_date=20240521T154718
[2024-05-21T15:47:18.817+0000] {local_task_job_runner.py:240} INFO - Task exited with return code 0
[2024-05-21T15:47:18.882+0000] {taskinstance.py:3498} INFO - 0 downstream tasks scheduled from follow-on schedule check
[2024-05-21T15:47:18.885+0000] {local_task_job_runner.py:222} INFO - ::endgroup::
